<error xmlns="http://marklogic.com/xdmp/error">
  <status-code>400</status-code>
  <status>Bad Request</status>
  <message-code>REST-UNSUPPORTEDPARAM</message-code>
  <message>REST-UNSUPPORTEDPARAM: (err:FOER0000) Endpoint does not support query parameter: invalid parameters: result for /path/to/non-existing/document.xml</message>
</error>
