<error xmlns="http://marklogic.com/xdmp/error">
  <status-code>400</status-code>
  <status>Bad Request</status>
  <message-code>MANAGE-INVALIDPAYLOAD</message-code>
  <message>MANAGE-INVALIDPAYLOAD: (err:FOER0000) Payload has errors in structure, content-type or values. XDMP-VALIDATEBADARGerr:XQTY00301.0-mlArgument to validate expression must be document or element nodeXDMP-VALIDATEBADARG: (err:XQTY0030) validate strict { fn:trace($op, $trace-event) } -- Argument to validate expression must be document or element nodefalsevalidate strict { fn:trace($op, $trace-event) }()/MarkLogic/manage/endpoints/databases/databases.xqy37024dbs:database-operation#2("v2", "Documents")version"v2"database"Documents"op()op()1.0-ml/MarkLogic/manage/endpoints/resource.xqy49712res:mux(dbs:database-operation#2, xs:untypedAtomic("2"))fndbs:database-operation#2arity21.0-ml/MarkLogic/manage/endpoints/resource.xqy45722res:process-request("database-item", "POST", fn:true())request-id"database-item"method"POST"cachefn:true()func&lt;func id="database-item" path="^/manage/(v2|LATEST)/databases/([^..."&gt;...&lt;/func&gt;f-nsxs:untypedAtomic("http://marklogic.com/manage/endpoints/databases")f-namexs:untypedAtomic("database-operation")arityxs:untypedAtomic("2")_xs:unsignedLong("13")_xs:unsignedLong("1")fndbs:database-operation#2status()convert()gzip()1.0-mlmanage/resource-rewriter.xqy2581.0-ml</message>
</error>
